This file contains any messages produced by compilers while
running configure, to aid debugging if configure makes a mistake.

It was created by configure, which was
generated by GNU Autoconf 2.63.  Invocation command line was

  $ ./configure --with-otcl=../otcl-1.14 --with-tcl-ver=8.5.10 --with-tk-ver=8.5.10

## --------- ##
## Platform. ##
## --------- ##

hostname = abrar
uname -m = x86_64
uname -r = 5.15.0-60-generic
uname -s = Linux
uname -v = #66~20.04.1-Ubuntu SMP Wed Jan 25 09:41:30 UTC 2023

/usr/bin/uname -p = x86_64
/bin/uname -X     = unknown

/bin/arch              = x86_64
/usr/bin/arch -k       = unknown
/usr/convex/getsysinfo = unknown
/usr/bin/hostinfo      = unknown
/bin/machine           = unknown
/usr/bin/oslevel       = unknown
/bin/universe          = unknown

PATH: /home/abrar/Downloads/1805023/ns-allinone-2.35/bin
PATH: /usr/local/sbin
PATH: /usr/local/bin
PATH: /usr/sbin
PATH: /usr/bin
PATH: /sbin
PATH: /bin
PATH: /usr/games
PATH: /usr/local/games
PATH: /snap/bin
PATH: /home/abrar/ns-allinone-2.35/bin
PATH: /home/abrar/ns-allinone-2.35/tcl8.5.10/unix
PATH: /home/abrar/ns-allinone-2.35/tk8.5.10/unix
PATH: /home/abrar/ns-allinone-2.35/bin
PATH: /home/abrar/ns-allinone-2.35/tcl8.5.10/unix
PATH: /home/abrar/ns-allinone-2.35/tk8.5.10/unix


## ----------- ##
## Core tests. ##
## ----------- ##

configure:1960: checking build system type
configure:1978: result: x86_64-unknown-linux-gnu
configure:2000: checking host system type
configure:2015: result: x86_64-unknown-linux-gnu
configure:2037: checking target system type
configure:2052: result: x86_64-unknown-linux-gnu
configure:2129: checking for gcc
configure:2145: found /usr/bin/gcc
configure:2156: result: gcc
configure:2388: checking for C compiler version
configure:2396: gcc --version >&5
gcc (Ubuntu 9.4.0-1ubuntu1~20.04.1) 9.4.0
Copyright (C) 2019 Free Software Foundation, Inc.
This is free software; see the source for copying conditions.  There is NO
warranty; not even for MERCHANTABILITY or FITNESS FOR A PARTICULAR PURPOSE.

configure:2400: $? = 0
configure:2407: gcc -v >&5
Using built-in specs.
COLLECT_GCC=gcc
COLLECT_LTO_WRAPPER=/usr/lib/gcc/x86_64-linux-gnu/9/lto-wrapper
OFFLOAD_TARGET_NAMES=nvptx-none:hsa
OFFLOAD_TARGET_DEFAULT=1
Target: x86_64-linux-gnu
Configured with: ../src/configure -v --with-pkgversion='Ubuntu 9.4.0-1ubuntu1~20.04.1' --with-bugurl=file:///usr/share/doc/gcc-9/README.Bugs --enable-languages=c,ada,c++,go,brig,d,fortran,objc,obj-c++,gm2 --prefix=/usr --with-gcc-major-version-only --program-suffix=-9 --program-prefix=x86_64-linux-gnu- --enable-shared --enable-linker-build-id --libexecdir=/usr/lib --without-included-gettext --enable-threads=posix --libdir=/usr/lib --enable-nls --enable-clocale=gnu --enable-libstdcxx-debug --enable-libstdcxx-time=yes --with-default-libstdcxx-abi=new --enable-gnu-unique-object --disable-vtable-verify --enable-plugin --enable-default-pie --with-system-zlib --with-target-system-zlib=auto --enable-objc-gc=auto --enable-multiarch --disable-werror --with-arch-32=i686 --with-abi=m64 --with-multilib-list=m32,m64,mx32 --enable-multilib --with-tune=generic --enable-offload-targets=nvptx-none=/build/gcc-9-Av3uEd/gcc-9-9.4.0/debian/tmp-nvptx/usr,hsa --without-cuda-driver --enable-checking=release --build=x86_64-linux-gnu --host=x86_64-linux-gnu --target=x86_64-linux-gnu
Thread model: posix
gcc version 9.4.0 (Ubuntu 9.4.0-1ubuntu1~20.04.1) 
configure:2411: $? = 0
configure:2418: gcc -V >&5
gcc: error: unrecognized command line option '-V'
gcc: fatal error: no input files
compilation terminated.
configure:2422: $? = 1
configure:2445: checking for C compiler default output file name
configure:2467: gcc    conftest.c  >&5
configure:2471: $? = 0
configure:2509: result: a.out
configure:2528: checking whether the C compiler works
configure:2538: ./a.out
configure:2542: $? = 0
configure:2561: result: yes
configure:2568: checking whether we are cross compiling
configure:2570: result: no
configure:2573: checking for suffix of executables
configure:2580: gcc -o conftest    conftest.c  >&5
configure:2584: $? = 0
configure:2610: result: 
configure:2616: checking for suffix of object files
configure:2642: gcc -c   conftest.c >&5
configure:2646: $? = 0
configure:2671: result: o
configure:2675: checking whether we are using the GNU C compiler
configure:2704: gcc -c   conftest.c >&5
configure:2711: $? = 0
configure:2728: result: yes
configure:2737: checking whether gcc accepts -g
configure:2767: gcc -c -g  conftest.c >&5
configure:2774: $? = 0
configure:2875: result: yes
configure:2892: checking for gcc option to accept ISO C89
configure:2966: gcc  -c -g -O2  conftest.c >&5
configure:2973: $? = 0
configure:2996: result: none needed
configure:3072: checking for g++
configure:3088: found /usr/bin/g++
configure:3099: result: g++
configure:3126: checking for C++ compiler version
configure:3134: g++ --version >&5
g++ (Ubuntu 9.4.0-1ubuntu1~20.04.1) 9.4.0
Copyright (C) 2019 Free Software Foundation, Inc.
This is free software; see the source for copying conditions.  There is NO
warranty; not even for MERCHANTABILITY or FITNESS FOR A PARTICULAR PURPOSE.

configure:3138: $? = 0
configure:3145: g++ -v >&5
Using built-in specs.
COLLECT_GCC=g++
COLLECT_LTO_WRAPPER=/usr/lib/gcc/x86_64-linux-gnu/9/lto-wrapper
OFFLOAD_TARGET_NAMES=nvptx-none:hsa
OFFLOAD_TARGET_DEFAULT=1
Target: x86_64-linux-gnu
Configured with: ../src/configure -v --with-pkgversion='Ubuntu 9.4.0-1ubuntu1~20.04.1' --with-bugurl=file:///usr/share/doc/gcc-9/README.Bugs --enable-languages=c,ada,c++,go,brig,d,fortran,objc,obj-c++,gm2 --prefix=/usr --with-gcc-major-version-only --program-suffix=-9 --program-prefix=x86_64-linux-gnu- --enable-shared --enable-linker-build-id --libexecdir=/usr/lib --without-included-gettext --enable-threads=posix --libdir=/usr/lib --enable-nls --enable-clocale=gnu --enable-libstdcxx-debug --enable-libstdcxx-time=yes --with-default-libstdcxx-abi=new --enable-gnu-unique-object --disable-vtable-verify --enable-plugin --enable-default-pie --with-system-zlib --with-target-system-zlib=auto --enable-objc-gc=auto --enable-multiarch --disable-werror --with-arch-32=i686 --with-abi=m64 --with-multilib-list=m32,m64,mx32 --enable-multilib --with-tune=generic --enable-offload-targets=nvptx-none=/build/gcc-9-Av3uEd/gcc-9-9.4.0/debian/tmp-nvptx/usr,hsa --without-cuda-driver --enable-checking=release --build=x86_64-linux-gnu --host=x86_64-linux-gnu --target=x86_64-linux-gnu
Thread model: posix
gcc version 9.4.0 (Ubuntu 9.4.0-1ubuntu1~20.04.1) 
configure:3149: $? = 0
configure:3156: g++ -V >&5
g++: error: unrecognized command line option '-V'
g++: fatal error: no input files
compilation terminated.
configure:3160: $? = 1
configure:3163: checking whether we are using the GNU C++ compiler
configure:3192: g++ -c   conftest.cpp >&5
configure:3199: $? = 0
configure:3216: result: yes
configure:3225: checking whether g++ accepts -g
configure:3255: g++ -c -g  conftest.cpp >&5
configure:3262: $? = 0
configure:3363: result: yes
configure:3392: checking how to run the C preprocessor
configure:3432: gcc -E  conftest.c
configure:3439: $? = 0
configure:3470: gcc -E  conftest.c
conftest.c:8:10: fatal error: ac_nonexistent.h: No such file or directory
    8 | #include <ac_nonexistent.h>
      |          ^~~~~~~~~~~~~~~~~~
compilation terminated.
configure:3477: $? = 1
configure: failed program was:
| /* confdefs.h.  */
| #define PACKAGE_NAME ""
| #define PACKAGE_TARNAME ""
| #define PACKAGE_VERSION ""
| #define PACKAGE_STRING ""
| #define PACKAGE_BUGREPORT ""
| /* end confdefs.h.  */
| #include <ac_nonexistent.h>
configure:3510: result: gcc -E
configure:3539: gcc -E  conftest.c
configure:3546: $? = 0
configure:3577: gcc -E  conftest.c
conftest.c:8:10: fatal error: ac_nonexistent.h: No such file or directory
    8 | #include <ac_nonexistent.h>
      |          ^~~~~~~~~~~~~~~~~~
compilation terminated.
configure:3584: $? = 1
configure: failed program was:
| /* confdefs.h.  */
| #define PACKAGE_NAME ""
| #define PACKAGE_TARNAME ""
| #define PACKAGE_VERSION ""
| #define PACKAGE_STRING ""
| #define PACKAGE_BUGREPORT ""
| /* end confdefs.h.  */
| #include <ac_nonexistent.h>
configure:3624: checking for grep that handles long lines and -e
configure:3684: result: /usr/bin/grep
configure:3689: checking for egrep
configure:3753: result: /usr/bin/grep -E
configure:3758: checking for ANSI C header files
configure:3788: gcc -c -g -O2  conftest.c >&5
configure:3795: $? = 0
configure:3894: gcc -o conftest -g -O2   conftest.c  >&5
configure:3898: $? = 0
configure:3904: ./conftest
configure:3908: $? = 0
configure:3926: result: yes
configure:3950: checking for sys/types.h
configure:3971: gcc -c -g -O2  conftest.c >&5
configure:3978: $? = 0
configure:3995: result: yes
configure:3950: checking for sys/stat.h
configure:3971: gcc -c -g -O2  conftest.c >&5
configure:3978: $? = 0
configure:3995: result: yes
configure:3950: checking for stdlib.h
configure:3971: gcc -c -g -O2  conftest.c >&5
configure:3978: $? = 0
configure:3995: result: yes
configure:3950: checking for string.h
configure:3971: gcc -c -g -O2  conftest.c >&5
configure:3978: $? = 0
configure:3995: result: yes
configure:3950: checking for memory.h
configure:3971: gcc -c -g -O2  conftest.c >&5
configure:3978: $? = 0
configure:3995: result: yes
configure:3950: checking for strings.h
configure:3971: gcc -c -g -O2  conftest.c >&5
configure:3978: $? = 0
configure:3995: result: yes
configure:3950: checking for inttypes.h
configure:3971: gcc -c -g -O2  conftest.c >&5
configure:3978: $? = 0
configure:3995: result: yes
configure:3950: checking for stdint.h
configure:3971: gcc -c -g -O2  conftest.c >&5
configure:3978: $? = 0
configure:3995: result: yes
configure:3950: checking for unistd.h
configure:3971: gcc -c -g -O2  conftest.c >&5
configure:3978: $? = 0
configure:3995: result: yes
configure:4014: checking for string.h
configure:4021: result: yes
configure:4165: checking for main in -lXbsd
configure:4194: gcc -o conftest -g -O2   conftest.c -lXbsd   >&5
/usr/bin/ld: cannot find -lXbsd
collect2: error: ld returned 1 exit status
configure:4201: $? = 1
configure: failed program was:
| /* confdefs.h.  */
| #define PACKAGE_NAME ""
| #define PACKAGE_TARNAME ""
| #define PACKAGE_VERSION ""
| #define PACKAGE_STRING ""
| #define PACKAGE_BUGREPORT ""
| #define STDC_HEADERS 1
| #define HAVE_SYS_TYPES_H 1
| #define HAVE_SYS_STAT_H 1
| #define HAVE_STDLIB_H 1
| #define HAVE_STRING_H 1
| #define HAVE_MEMORY_H 1
| #define HAVE_STRINGS_H 1
| #define HAVE_INTTYPES_H 1
| #define HAVE_STDINT_H 1
| #define HAVE_UNISTD_H 1
| #define HAVE_STRING_H 1
| /* end confdefs.h.  */
| 
| 
| int
| main ()
| {
| return main ();
|   ;
|   return 0;
| }
configure:4222: result: no
configure:4228: checking for socket in -lsocket
configure:4263: gcc -o conftest -g -O2   conftest.c -lsocket   >&5
/usr/bin/ld: cannot find -lsocket
collect2: error: ld returned 1 exit status
configure:4270: $? = 1
configure: failed program was:
| /* confdefs.h.  */
| #define PACKAGE_NAME ""
| #define PACKAGE_TARNAME ""
| #define PACKAGE_VERSION ""
| #define PACKAGE_STRING ""
| #define PACKAGE_BUGREPORT ""
| #define STDC_HEADERS 1
| #define HAVE_SYS_TYPES_H 1
| #define HAVE_SYS_STAT_H 1
| #define HAVE_STDLIB_H 1
| #define HAVE_STRING_H 1
| #define HAVE_MEMORY_H 1
| #define HAVE_STRINGS_H 1
| #define HAVE_INTTYPES_H 1
| #define HAVE_STDINT_H 1
| #define HAVE_UNISTD_H 1
| #define HAVE_STRING_H 1
| /* end confdefs.h.  */
| 
| /* Override any GCC internal prototype to avoid an error.
|    Use char because int might match the return type of a GCC
|    builtin and then its argument prototype would still apply.  */
| #ifdef __cplusplus
| extern "C"
| #endif
| char socket ();
| int
| main ()
| {
| return socket ();
|   ;
|   return 0;
| }
configure:4291: result: no
configure:4297: checking for gethostbyname in -lnsl
configure:4332: gcc -o conftest -g -O2   conftest.c -lnsl   >&5
configure:4339: $? = 0
configure:4360: result: yes
configure:4366: checking for dcgettext in -lintl
configure:4401: gcc -o conftest -g -O2   conftest.c -lintl   >&5
conftest.c:26:6: warning: conflicting types for built-in function 'dcgettext'; expected 'char *(const char *, const char *, int)' [-Wbuiltin-declaration-mismatch]
   26 | char dcgettext ();
      |      ^~~~~~~~~
/usr/bin/ld: cannot find -lintl
collect2: error: ld returned 1 exit status
configure:4408: $? = 1
configure: failed program was:
| /* confdefs.h.  */
| #define PACKAGE_NAME ""
| #define PACKAGE_TARNAME ""
| #define PACKAGE_VERSION ""
| #define PACKAGE_STRING ""
| #define PACKAGE_BUGREPORT ""
| #define STDC_HEADERS 1
| #define HAVE_SYS_TYPES_H 1
| #define HAVE_SYS_STAT_H 1
| #define HAVE_STDLIB_H 1
| #define HAVE_STRING_H 1
| #define HAVE_MEMORY_H 1
| #define HAVE_STRINGS_H 1
| #define HAVE_INTTYPES_H 1
| #define HAVE_STDINT_H 1
| #define HAVE_UNISTD_H 1
| #define HAVE_STRING_H 1
| /* end confdefs.h.  */
| 
| /* Override any GCC internal prototype to avoid an error.
|    Use char because int might match the return type of a GCC
|    builtin and then its argument prototype would still apply.  */
| #ifdef __cplusplus
| extern "C"
| #endif
| char dcgettext ();
| int
| main ()
| {
| return dcgettext ();
|   ;
|   return 0;
| }
configure:4429: result: no
configure:4435: checking for getnodebyname in -ldnet_stub
configure:4470: gcc -o conftest -g -O2   conftest.c -ldnet_stub   >&5
/usr/bin/ld: cannot find -ldnet_stub
collect2: error: ld returned 1 exit status
configure:4477: $? = 1
configure: failed program was:
| /* confdefs.h.  */
| #define PACKAGE_NAME ""
| #define PACKAGE_TARNAME ""
| #define PACKAGE_VERSION ""
| #define PACKAGE_STRING ""
| #define PACKAGE_BUGREPORT ""
| #define STDC_HEADERS 1
| #define HAVE_SYS_TYPES_H 1
| #define HAVE_SYS_STAT_H 1
| #define HAVE_STDLIB_H 1
| #define HAVE_STRING_H 1
| #define HAVE_MEMORY_H 1
| #define HAVE_STRINGS_H 1
| #define HAVE_INTTYPES_H 1
| #define HAVE_STDINT_H 1
| #define HAVE_UNISTD_H 1
| #define HAVE_STRING_H 1
| /* end confdefs.h.  */
| 
| /* Override any GCC internal prototype to avoid an error.
|    Use char because int might match the return type of a GCC
|    builtin and then its argument prototype would still apply.  */
| #ifdef __cplusplus
| extern "C"
| #endif
| char getnodebyname ();
| int
| main ()
| {
| return getnodebyname ();
|   ;
|   return 0;
| }
configure:4498: result: no
configure:4544: checking that g++ can handle -O2
configure:4575: gcc -c -g -O2  conftest.c >&5
conftest.c: In function 'main':
conftest.c:25:3: error: 'error' undeclared (first use in this function)
   25 |   error
      |   ^~~~~
conftest.c:25:3: note: each undeclared identifier is reported only once for each function it appears in
conftest.c:25:8: error: expected ';' before 'int'
   25 |   error
      |        ^
      |        ;
......
   29 |   int error;
      |   ~~~   
configure:4582: $? = 1
configure: failed program was:
| /* confdefs.h.  */
| #define PACKAGE_NAME ""
| #define PACKAGE_TARNAME ""
| #define PACKAGE_VERSION ""
| #define PACKAGE_STRING ""
| #define PACKAGE_BUGREPORT ""
| #define STDC_HEADERS 1
| #define HAVE_SYS_TYPES_H 1
| #define HAVE_SYS_STAT_H 1
| #define HAVE_STDLIB_H 1
| #define HAVE_STRING_H 1
| #define HAVE_MEMORY_H 1
| #define HAVE_STRINGS_H 1
| #define HAVE_INTTYPES_H 1
| #define HAVE_STDINT_H 1
| #define HAVE_UNISTD_H 1
| #define HAVE_STRING_H 1
| /* end confdefs.h.  */
| 
| int
| main ()
| {
| #if __GNUC__ < 2  || __GNUC_MINOR__ < 8
| 		/* gcc */
| 		error
| 		#endif
| 		#if __GNUC_MINOR__ < 92
| 		/* egcs */
| 		int error;
| 		#endif
| 
|   ;
|   return 0;
| }
configure:4595: result: no
configure:4671: checking standard STL is available
configure:4707: g++ -c -g -O2  conftest.cpp >&5
In file included from /usr/include/c++/9/backward/hash_map:60,
                 from conftest.cpp:20:
/usr/include/c++/9/backward/backward_warning.h:32:2: warning: #warning This file includes at least one deprecated or antiquated header which may be removed without further notice at a future date. Please use a non-deprecated interface with equivalent functionality instead. For a listing of replacement headers and interfaces, consult the file backward_warning.h. To disable this warning use -Wno-deprecated. [-Wcpp]
   32 | #warning \
      |  ^~~~~~~
conftest.cpp:21:48: error: expected template-name before '<' token
   21 |  template <class _T> class tlist : public list <_T> {};
      |                                                ^
conftest.cpp:21:48: error: expected '{' before '<' token
configure:4714: $? = 1
configure: failed program was:
| /* confdefs.h.  */
| #define PACKAGE_NAME ""
| #define PACKAGE_TARNAME ""
| #define PACKAGE_VERSION ""
| #define PACKAGE_STRING ""
| #define PACKAGE_BUGREPORT ""
| #define STDC_HEADERS 1
| #define HAVE_SYS_TYPES_H 1
| #define HAVE_SYS_STAT_H 1
| #define HAVE_STDLIB_H 1
| #define HAVE_STRING_H 1
| #define HAVE_MEMORY_H 1
| #define HAVE_STRINGS_H 1
| #define HAVE_INTTYPES_H 1
| #define HAVE_STDINT_H 1
| #define HAVE_UNISTD_H 1
| #define HAVE_STRING_H 1
| /* end confdefs.h.  */
| #include <list>
| 	#include <hash_map>
| 	template <class _T> class tlist : public list <_T> {};
| 
| int
| main ()
| {
| return 0;
| 
|   ;
|   return 0;
| }
configure:4726: result: no
configure:4819: checking for ranlib
configure:4835: found /usr/bin/ranlib
configure:4846: result: ranlib
configure:4874: checking for snprintf
configure:4930: gcc -o conftest -g -O2   conftest.c  >&5
conftest.c:42:6: warning: conflicting types for built-in function 'snprintf'; expected 'int(char *, long unsigned int,  const char *, ...)' [-Wbuiltin-declaration-mismatch]
   42 | char snprintf ();
      |      ^~~~~~~~
conftest.c:30:1: note: 'snprintf' is declared in header '<stdio.h>'
   29 | # include <limits.h>
   30 | #else
configure:4937: $? = 0
configure:4959: result: yes
configure:4971: checking for ANSI C header files
configure:5139: result: yes
configure:5156: checking for strtoq
configure:5212: gcc -o conftest -g -O2   conftest.c  >&5
configure:5219: $? = 0
configure:5241: result: yes
configure:5156: checking for strtoll
configure:5212: gcc -o conftest -g -O2   conftest.c  >&5
configure:5219: $? = 0
configure:5241: result: yes
configure:5262: checking size of long
configure:5567: gcc -o conftest -g -O2   conftest.c  >&5
configure:5571: $? = 0
configure:5577: ./conftest
configure:5581: $? = 0
configure:5607: result: 8
configure:5620: checking for strtol
configure:5676: gcc -o conftest -g -O2   conftest.c  >&5
configure:5683: $? = 0
configure:5703: result: yes
configure:5708: checking for __int64_t
configure:5733: gcc -o conftest -g -O2   conftest.c  >&5
conftest.c:25:1: warning: return type defaults to 'int' [-Wimplicit-int]
   25 | main() { __int64_t x; exit (sizeof(x) >= 8 ? 0 : 1); }
      | ^~~~
conftest.c: In function 'main':
conftest.c:25:10: error: unknown type name '__int64_t'; did you mean '__int128_t'?
   25 | main() { __int64_t x; exit (sizeof(x) >= 8 ? 0 : 1); }
      |          ^~~~~~~~~
      |          __int128_t
conftest.c:25:23: warning: implicit declaration of function 'exit' [-Wimplicit-function-declaration]
   25 | main() { __int64_t x; exit (sizeof(x) >= 8 ? 0 : 1); }
      |                       ^~~~
conftest.c:25:23: warning: incompatible implicit declaration of built-in function 'exit'
conftest.c:1:1: note: include '<stdlib.h>' or provide a declaration of 'exit'
  +++ |+#include <stdlib.h>
    1 | /* confdefs.h.  */
configure:5737: $? = 1
configure: program exited with status 1
configure: failed program was:
| /* confdefs.h.  */
| #define PACKAGE_NAME ""
| #define PACKAGE_TARNAME ""
| #define PACKAGE_VERSION ""
| #define PACKAGE_STRING ""
| #define PACKAGE_BUGREPORT ""
| #define STDC_HEADERS 1
| #define HAVE_SYS_TYPES_H 1
| #define HAVE_SYS_STAT_H 1
| #define HAVE_STDLIB_H 1
| #define HAVE_STRING_H 1
| #define HAVE_MEMORY_H 1
| #define HAVE_STRINGS_H 1
| #define HAVE_INTTYPES_H 1
| #define HAVE_STDINT_H 1
| #define HAVE_UNISTD_H 1
| #define HAVE_STRING_H 1
| #define HAVE_SNPRINTF 1
| #define STDC_HEADERS 1
| #define HAVE_STRTOQ 1
| #define HAVE_STRTOLL 1
| #define SIZEOF_LONG 8
| /* end confdefs.h.  */
| 
| main() { __int64_t x; exit (sizeof(x) >= 8 ? 0 : 1); }
| 
configure:5756: result: no
configure:5762: checking for long long
configure:5787: gcc -o conftest -g -O2   conftest.c  >&5
conftest.c:25:1: warning: return type defaults to 'int' [-Wimplicit-int]
   25 | main() { long long x; exit (sizeof(x) >= 8 ? 0 : 1); }
      | ^~~~
conftest.c: In function 'main':
conftest.c:25:23: warning: implicit declaration of function 'exit' [-Wimplicit-function-declaration]
   25 | main() { long long x; exit (sizeof(x) >= 8 ? 0 : 1); }
      |                       ^~~~
conftest.c:25:23: warning: incompatible implicit declaration of built-in function 'exit'
conftest.c:1:1: note: include '<stdlib.h>' or provide a declaration of 'exit'
  +++ |+#include <stdlib.h>
    1 | /* confdefs.h.  */
configure:5791: $? = 0
configure:5797: ./conftest
configure:5801: $? = 0
configure:5818: result: yes
configure:5826: checking for int64_t
configure:5852: result: yes
configure:5863: checking which kind of 64-bit int to use
configure:5876: result: int64_t
configure:6108: checking for tcl.h
configure:6156: result: -I../include
configure:6162: checking for tclInt.h
configure:6210: result: -I../include
configure:6216: checking for libtcl8.5
configure:6280: result: -L../lib -ltcl8.5
configure:6286: checking for init.tcl
configure:6325: result: ../lib/tcl8.5
configure:6343: checking for http.tcl
configure:6382: result: ../lib/tcl8.5/http1.0
configure:6387: checking Tcl http.tcl library
configure:6391: result: yes
configure:6414: checking for tclsh8.5.10
configure:6447: result: no
configure:6414: checking for tclsh8.5
configure:6432: found ../bin/tclsh8.5
configure:6444: result: ../bin/tclsh8.5
configure:6688: checking for tk.h
configure:6736: result: -I../include
configure:6742: checking for libtk8.5
configure:6806: result: -L../lib -ltk8.5
configure:6812: checking for tk.tcl
configure:6851: result: ../lib/tk8.5
configure:6950: checking for otcl.h
configure:6998: result: -I../otcl-1.14
configure:7004: checking for libotcl1.14
configure:7068: result: -L../otcl-1.14 -lotcl
configure:7162: gcc -E  conftest.c
configure:7169: $? = 0
configure:7203: checking for XOpenDisplay in -lX11
configure:7238: gcc -o conftest -g -O2   conftest.c -lX11   >&5
configure:7245: $? = 0
configure:7266: result: yes
configure:7292: checking for XShmAttach in -lXext
configure:7327: gcc -o conftest -g -O2   conftest.c -lXext -lX11  >&5
configure:7334: $? = 0
configure:7355: result: yes
configure:7544: checking for zlib.h
configure:7592: result: -I/usr/include
configure:7598: checking for libz1.1.3
configure:7643: result: no
configure:7753: checking for dlopen in -ldl
configure:7788: gcc -o conftest -g -O2   conftest.c -ldl   >&5
configure:7795: $? = 0
configure:7816: result: yes
configure:7931: checking system version (for system-dependent libraries)
configure:7951: result: Linux-5.15.0-60-generic
configure:7985: checking for unistd.h
configure:7990: result: yes
configure:8180: checking for a BSD-compatible install
configure:8248: result: /usr/bin/install -c
configure:8357: creating ./config.status

## ---------------------- ##
## Running config.status. ##
## ---------------------- ##

This file was extended by config.status, which was
generated by GNU Autoconf 2.63.  Invocation command line was

  CONFIG_FILES    = 
  CONFIG_HEADERS  = 
  CONFIG_LINKS    = 
  CONFIG_COMMANDS = 
  $ ./config.status 

on abrar

config.status:787: creating Makefile
config.status:787: creating config.h

## ---------------- ##
## Cache variables. ##
## ---------------- ##

ac_cv_build=x86_64-unknown-linux-gnu
ac_cv_c_compiler_gnu=yes
ac_cv_cxx_compiler_gnu=yes
ac_cv_env_CCC_set=
ac_cv_env_CCC_value=
ac_cv_env_CC_set=
ac_cv_env_CC_value=
ac_cv_env_CFLAGS_set=
ac_cv_env_CFLAGS_value=
ac_cv_env_CPPFLAGS_set=
ac_cv_env_CPPFLAGS_value=
ac_cv_env_CPP_set=
ac_cv_env_CPP_value=
ac_cv_env_CXXFLAGS_set=
ac_cv_env_CXXFLAGS_value=
ac_cv_env_CXX_set=
ac_cv_env_CXX_value=
ac_cv_env_LDFLAGS_set=
ac_cv_env_LDFLAGS_value=
ac_cv_env_LIBS_set=
ac_cv_env_LIBS_value=
ac_cv_env_build_alias_set=
ac_cv_env_build_alias_value=
ac_cv_env_host_alias_set=
ac_cv_env_host_alias_value=
ac_cv_env_target_alias_set=
ac_cv_env_target_alias_value=
ac_cv_func_snprintf=yes
ac_cv_func_strtol=yes
ac_cv_func_strtoll=yes
ac_cv_func_strtoq=yes
ac_cv_header_inttypes_h=yes
ac_cv_header_memory_h=yes
ac_cv_header_stdc=yes
ac_cv_header_stdint_h=yes
ac_cv_header_stdlib_h=yes
ac_cv_header_string_h=yes
ac_cv_header_strings_h=yes
ac_cv_header_sys_stat_h=yes
ac_cv_header_sys_types_h=yes
ac_cv_header_unistd_h=yes
ac_cv_host=x86_64-unknown-linux-gnu
ac_cv_lib_X11_XOpenDisplay=yes
ac_cv_lib_Xbsd_main=no
ac_cv_lib_Xext_XShmAttach=yes
ac_cv_lib_dl_dlopen=yes
ac_cv_lib_dnet_stub_getnodebyname=no
ac_cv_lib_intl_dcgettext=no
ac_cv_lib_nsl_gethostbyname=yes
ac_cv_lib_socket_socket=no
ac_cv_objext=o
ac_cv_path_EGREP='/usr/bin/grep -E'
ac_cv_path_GREP=/usr/bin/grep
ac_cv_path_V_TCLSH=../bin/tclsh8.5
ac_cv_path_install='/usr/bin/install -c'
ac_cv_prog_CPP='gcc -E'
ac_cv_prog_ac_ct_CC=gcc
ac_cv_prog_ac_ct_CXX=g++
ac_cv_prog_ac_ct_RANLIB=ranlib
ac_cv_prog_cc_c89=
ac_cv_prog_cc_g=yes
ac_cv_prog_cxx_g=yes
ac_cv_sizeof_long=8
ac_cv_target=x86_64-unknown-linux-gnu
ac_cv_type_int64_t=yes
nsnam_cv_int64_t_HAVE_LONG_LONG=yes
nsnam_cv_int64_t_HAVE___INT64_T=no

## ----------------- ##
## Output variables. ##
## ----------------- ##

CC='gcc'
CFLAGS='-g -O2'
CPP='gcc -E'
CPPFLAGS=''
CXX='g++'
CXXFLAGS='-g -O2'
DEFS='-DHAVE_CONFIG_H'
ECHO_C=''
ECHO_N='-n'
ECHO_T=''
EGREP='/usr/bin/grep -E'
EXEEXT=''
GREP='/usr/bin/grep'
INSTALL_DATA='${INSTALL} -m 644'
INSTALL_PROGRAM='${INSTALL}'
INSTALL_SCRIPT='${INSTALL}'
LDFLAGS=''
LIBOBJS=''
LIBS=''
LTLIBOBJS=''
OBJEXT='o'
PACKAGE_BUGREPORT=''
PACKAGE_NAME=''
PACKAGE_STRING=''
PACKAGE_TARNAME=''
PACKAGE_VERSION=''
PATH_SEPARATOR=':'
RANLIB='ranlib'
SHELL='/bin/bash'
V_ALL='libtclcl.a'
V_AR='ar cr'
V_BROKEN_OBJ=''
V_CCOPT=' -Wall -Wno-write-strings -Wno-parentheses'
V_DEFINE=' -DNDEBUG -DUSE_SHM -DHAVE_UNISTD_H=1'
V_DEFINES='-DHAVE_ZLIB_H -DHAVE_LIBOTCL1_14 -DHAVE_OTCL_H -DHAVE_LIBTK8_5 -DHAVE_TK_H -DHAVE_LIBTCL8_5 -DHAVE_TCLINT_H -DHAVE_TCL_H '
V_INCLUDE=''
V_INCLUDES='-I/usr/include -I/home/abrar/Downloads/1805023/ns-allinone-2.35/otcl-1.14 -I/home/abrar/Downloads/1805023/ns-allinone-2.35/include -I/home/abrar/Downloads/1805023/ns-allinone-2.35/include -I/home/abrar/Downloads/1805023/ns-allinone-2.35/include'
V_INCLUDE_X11=''
V_LIB=' -lnsl -ldl'
V_LIBRARY_TCL='../lib/tcl8.5'
V_LIBRARY_TK='../lib/tk8.5'
V_LIBS='-L/home/abrar/Downloads/1805023/ns-allinone-2.35/otcl-1.14 -lotcl -L/home/abrar/Downloads/1805023/ns-allinone-2.35/lib -ltk8.5 -L/home/abrar/Downloads/1805023/ns-allinone-2.35/lib -ltcl8.5'
V_LIB_OTCL='-L/home/abrar/Downloads/1805023/ns-allinone-2.35/otcl-1.14 -lotcl'
V_LIB_TCL='-L/home/abrar/Downloads/1805023/ns-allinone-2.35/lib -ltcl8.5'
V_LIB_TCLCL=''
V_LIB_TK='-L/home/abrar/Downloads/1805023/ns-allinone-2.35/lib -ltk8.5'
V_LIB_X11='-lXext -lX11'
V_LSSCRIPT=''
V_NS_TCL_LIB_STL=''
V_OBJ=''
V_OBJ_CRYPT=''
V_RANLIB='ranlib'
V_SHELL=''
V_SIGRET='void'
V_STATIC=''
V_STLOBJ=''
V_TARCMD='tar cfh'
V_TAR_EXTRA=''
V_TAR_TARGET='linux-gnu'
V_TCLSH='/home/abrar/Downloads/1805023/ns-allinone-2.35/bin/tclsh8.5'
V_TCL_LIBRARY_FILES='$(TCL_BASE_LIBRARY_FILES) ../lib/tcl8.5/http1.0/http.tcl'
V_TKDOSNAMES='$(LIBRARY_TK)/optMenu.tcl $(LIBRARY_TK)/scrlbar.tcl'
ac_ct_CC='gcc'
ac_ct_CXX='g++'
bindir='${exec_prefix}/bin'
build='x86_64-unknown-linux-gnu'
build_alias=''
build_cpu='x86_64'
build_os='linux-gnu'
build_vendor='unknown'
datadir='${datarootdir}'
datarootdir='${prefix}/share'
docdir='${datarootdir}/doc/${PACKAGE}'
dvidir='${docdir}'
exec_prefix='${prefix}'
host='x86_64-unknown-linux-gnu'
host_alias=''
host_cpu='x86_64'
host_os='linux-gnu'
host_vendor='unknown'
htmldir='${docdir}'
includedir='${prefix}/include'
infodir='${datarootdir}/info'
libdir='${exec_prefix}/lib'
libexecdir='${exec_prefix}/libexec'
localedir='${datarootdir}/locale'
localstatedir='${prefix}/var'
mandir='${datarootdir}/man'
oldincludedir='/usr/include'
pdfdir='${docdir}'
prefix='/usr/local'
program_transform_name='s,x,x,'
psdir='${docdir}'
sbindir='${exec_prefix}/sbin'
sharedstatedir='${prefix}/com'
sysconfdir='${prefix}/etc'
target='x86_64-unknown-linux-gnu'
target_alias=''
target_cpu='x86_64'
target_os='linux-gnu'
target_vendor='unknown'

## ----------- ##
## confdefs.h. ##
## ----------- ##

#define PACKAGE_NAME ""
#define PACKAGE_TARNAME ""
#define PACKAGE_VERSION ""
#define PACKAGE_STRING ""
#define PACKAGE_BUGREPORT ""
#define STDC_HEADERS 1
#define HAVE_SYS_TYPES_H 1
#define HAVE_SYS_STAT_H 1
#define HAVE_STDLIB_H 1
#define HAVE_STRING_H 1
#define HAVE_MEMORY_H 1
#define HAVE_STRINGS_H 1
#define HAVE_INTTYPES_H 1
#define HAVE_STDINT_H 1
#define HAVE_UNISTD_H 1
#define HAVE_STRING_H 1
#define HAVE_SNPRINTF 1
#define STDC_HEADERS 1
#define HAVE_STRTOQ 1
#define HAVE_STRTOLL 1
#define SIZEOF_LONG 8
#define HAVE_INT64 1
#define HAVE_TCL_H 1
#define HAVE_TCLINT_H 1
#define HAVE_LIBTCL8_5 1
#define HAVE_TK_H 1
#define HAVE_LIBTK8_5 1
#define HAVE_OTCL_H 1
#define HAVE_LIBOTCL1_14 1
#define HAVE_ZLIB_H 1

configure: exit 0
