This file contains any messages produced by compilers while
running configure, to aid debugging if configure makes a mistake.

It was created by dei80211mr configure 1.1.4, which was
generated by GNU Autoconf 2.61.  Invocation command line was

  $ ./configure --with-ns-allinone=/home/abrar/Downloads/1805023/ns-allinone-2.35 --prefix=/home/abrar/Downloads/1805023/ns-allinone-2.35

## --------- ##
## Platform. ##
## --------- ##

hostname = abrar
uname -m = x86_64
uname -r = 5.15.0-60-generic
uname -s = Linux
uname -v = #66~20.04.1-Ubuntu SMP Wed Jan 25 09:41:30 UTC 2023

/usr/bin/uname -p = x86_64
/bin/uname -X     = unknown

/bin/arch              = x86_64
/usr/bin/arch -k       = unknown
/usr/convex/getsysinfo = unknown
/usr/bin/hostinfo      = unknown
/bin/machine           = unknown
/usr/bin/oslevel       = unknown
/bin/universe          = unknown

PATH: /home/abrar/Downloads/1805023/ns-allinone-2.35/bin
PATH: /usr/local/sbin
PATH: /usr/local/bin
PATH: /usr/sbin
PATH: /usr/bin
PATH: /sbin
PATH: /bin
PATH: /usr/games
PATH: /usr/local/games
PATH: /snap/bin
PATH: /home/abrar/ns-allinone-2.35/bin
PATH: /home/abrar/ns-allinone-2.35/tcl8.5.10/unix
PATH: /home/abrar/ns-allinone-2.35/tk8.5.10/unix
PATH: /home/abrar/ns-allinone-2.35/bin
PATH: /home/abrar/ns-allinone-2.35/tcl8.5.10/unix
PATH: /home/abrar/ns-allinone-2.35/tk8.5.10/unix


## ----------- ##
## Core tests. ##
## ----------- ##

configure:1984: checking for a BSD-compatible install
configure:2040: result: /usr/bin/install -c
configure:2051: checking whether build environment is sane
configure:2094: result: yes
configure:2122: checking for a thread-safe mkdir -p
configure:2161: result: /usr/bin/mkdir -p
configure:2174: checking for gawk
configure:2190: found /usr/bin/gawk
configure:2201: result: gawk
configure:2212: checking whether make sets $(MAKE)
configure:2233: result: yes
configure:2479: checking for g++
configure:2495: found /usr/bin/g++
configure:2506: result: g++
configure:2537: checking for C++ compiler version
configure:2544: g++ --version >&5
g++ (Ubuntu 9.4.0-1ubuntu1~20.04.1) 9.4.0
Copyright (C) 2019 Free Software Foundation, Inc.
This is free software; see the source for copying conditions.  There is NO
warranty; not even for MERCHANTABILITY or FITNESS FOR A PARTICULAR PURPOSE.

configure:2547: $? = 0
configure:2554: g++ -v >&5
Using built-in specs.
COLLECT_GCC=g++
COLLECT_LTO_WRAPPER=/usr/lib/gcc/x86_64-linux-gnu/9/lto-wrapper
OFFLOAD_TARGET_NAMES=nvptx-none:hsa
OFFLOAD_TARGET_DEFAULT=1
Target: x86_64-linux-gnu
Configured with: ../src/configure -v --with-pkgversion='Ubuntu 9.4.0-1ubuntu1~20.04.1' --with-bugurl=file:///usr/share/doc/gcc-9/README.Bugs --enable-languages=c,ada,c++,go,brig,d,fortran,objc,obj-c++,gm2 --prefix=/usr --with-gcc-major-version-only --program-suffix=-9 --program-prefix=x86_64-linux-gnu- --enable-shared --enable-linker-build-id --libexecdir=/usr/lib --without-included-gettext --enable-threads=posix --libdir=/usr/lib --enable-nls --enable-clocale=gnu --enable-libstdcxx-debug --enable-libstdcxx-time=yes --with-default-libstdcxx-abi=new --enable-gnu-unique-object --disable-vtable-verify --enable-plugin --enable-default-pie --with-system-zlib --with-target-system-zlib=auto --enable-objc-gc=auto --enable-multiarch --disable-werror --with-arch-32=i686 --with-abi=m64 --with-multilib-list=m32,m64,mx32 --enable-multilib --with-tune=generic --enable-offload-targets=nvptx-none=/build/gcc-9-Av3uEd/gcc-9-9.4.0/debian/tmp-nvptx/usr,hsa --without-cuda-driver --enable-checking=release --build=x86_64-linux-gnu --host=x86_64-linux-gnu --target=x86_64-linux-gnu
Thread model: posix
gcc version 9.4.0 (Ubuntu 9.4.0-1ubuntu1~20.04.1) 
configure:2557: $? = 0
configure:2564: g++ -V >&5
g++: error: unrecognized command line option '-V'
g++: fatal error: no input files
compilation terminated.
configure:2567: $? = 1
configure:2590: checking for C++ compiler default output file name
configure:2617: g++    conftest.cpp  >&5
configure:2620: $? = 0
configure:2658: result: a.out
configure:2675: checking whether the C++ compiler works
configure:2685: ./a.out
configure:2688: $? = 0
configure:2705: result: yes
configure:2712: checking whether we are cross compiling
configure:2714: result: no
configure:2717: checking for suffix of executables
configure:2724: g++ -o conftest    conftest.cpp  >&5
configure:2727: $? = 0
configure:2751: result: 
configure:2757: checking for suffix of object files
configure:2783: g++ -c   conftest.cpp >&5
configure:2786: $? = 0
configure:2809: result: o
configure:2813: checking whether we are using the GNU C++ compiler
configure:2842: g++ -c   conftest.cpp >&5
configure:2848: $? = 0
configure:2865: result: yes
configure:2870: checking whether g++ accepts -g
configure:2900: g++ -c -g  conftest.cpp >&5
configure:2906: $? = 0
configure:3005: result: yes
configure:3039: checking for style of include used by make
configure:3067: result: GNU
configure:3092: checking dependency style of g++
configure:3183: result: gcc3
configure:3198: checking whether make sets $(MAKE)
configure:3219: result: yes
configure:3312: checking build system type
configure:3330: result: x86_64-unknown-linux-gnu
configure:3352: checking host system type
configure:3367: result: x86_64-unknown-linux-gnu
configure:3437: checking for gcc
configure:3453: found /usr/bin/gcc
configure:3464: result: gcc
configure:3702: checking for C compiler version
configure:3709: gcc --version >&5
gcc (Ubuntu 9.4.0-1ubuntu1~20.04.1) 9.4.0
Copyright (C) 2019 Free Software Foundation, Inc.
This is free software; see the source for copying conditions.  There is NO
warranty; not even for MERCHANTABILITY or FITNESS FOR A PARTICULAR PURPOSE.

configure:3712: $? = 0
configure:3719: gcc -v >&5
Using built-in specs.
COLLECT_GCC=gcc
COLLECT_LTO_WRAPPER=/usr/lib/gcc/x86_64-linux-gnu/9/lto-wrapper
OFFLOAD_TARGET_NAMES=nvptx-none:hsa
OFFLOAD_TARGET_DEFAULT=1
Target: x86_64-linux-gnu
Configured with: ../src/configure -v --with-pkgversion='Ubuntu 9.4.0-1ubuntu1~20.04.1' --with-bugurl=file:///usr/share/doc/gcc-9/README.Bugs --enable-languages=c,ada,c++,go,brig,d,fortran,objc,obj-c++,gm2 --prefix=/usr --with-gcc-major-version-only --program-suffix=-9 --program-prefix=x86_64-linux-gnu- --enable-shared --enable-linker-build-id --libexecdir=/usr/lib --without-included-gettext --enable-threads=posix --libdir=/usr/lib --enable-nls --enable-clocale=gnu --enable-libstdcxx-debug --enable-libstdcxx-time=yes --with-default-libstdcxx-abi=new --enable-gnu-unique-object --disable-vtable-verify --enable-plugin --enable-default-pie --with-system-zlib --with-target-system-zlib=auto --enable-objc-gc=auto --enable-multiarch --disable-werror --with-arch-32=i686 --with-abi=m64 --with-multilib-list=m32,m64,mx32 --enable-multilib --with-tune=generic --enable-offload-targets=nvptx-none=/build/gcc-9-Av3uEd/gcc-9-9.4.0/debian/tmp-nvptx/usr,hsa --without-cuda-driver --enable-checking=release --build=x86_64-linux-gnu --host=x86_64-linux-gnu --target=x86_64-linux-gnu
Thread model: posix
gcc version 9.4.0 (Ubuntu 9.4.0-1ubuntu1~20.04.1) 
configure:3722: $? = 0
configure:3729: gcc -V >&5
gcc: error: unrecognized command line option '-V'
gcc: fatal error: no input files
compilation terminated.
configure:3732: $? = 1
configure:3735: checking whether we are using the GNU C compiler
configure:3764: gcc -c   conftest.c >&5
configure:3770: $? = 0
configure:3787: result: yes
configure:3792: checking whether gcc accepts -g
configure:3822: gcc -c -g  conftest.c >&5
configure:3828: $? = 0
configure:3927: result: yes
configure:3944: checking for gcc option to accept ISO C89
configure:4018: gcc  -c -g -O2  conftest.c >&5
configure:4024: $? = 0
configure:4047: result: none needed
configure:4067: checking dependency style of gcc
configure:4158: result: gcc3
configure:4173: checking for a sed that does not truncate output
configure:4229: result: /usr/bin/sed
configure:4232: checking for grep that handles long lines and -e
configure:4306: result: /usr/bin/grep
configure:4311: checking for egrep
configure:4389: result: /usr/bin/grep -E
configure:4405: checking for ld used by gcc
configure:4472: result: /usr/bin/ld
configure:4481: checking if the linker (/usr/bin/ld) is GNU ld
configure:4496: result: yes
configure:4501: checking for /usr/bin/ld option to reload object files
configure:4508: result: -r
configure:4526: checking for BSD-compatible nm
configure:4575: result: /usr/bin/nm -B
configure:4579: checking whether ln -s works
configure:4583: result: yes
configure:4590: checking how to recognize dependent libraries
configure:4776: result: pass_all
configure:4865: gcc -c -g -O2  conftest.c >&5
configure:4868: $? = 0
configure:5308: checking how to run the C preprocessor
configure:5348: gcc -E  conftest.c
configure:5354: $? = 0
configure:5385: gcc -E  conftest.c
conftest.c:10:10: fatal error: ac_nonexistent.h: No such file or directory
   10 | #include <ac_nonexistent.h>
      |          ^~~~~~~~~~~~~~~~~~
compilation terminated.
configure:5391: $? = 1
configure: failed program was:
| /* confdefs.h.  */
| #define PACKAGE_NAME "dei80211mr"
| #define PACKAGE_TARNAME "dei80211mr"
| #define PACKAGE_VERSION "1.1.4"
| #define PACKAGE_STRING "dei80211mr 1.1.4"
| #define PACKAGE_BUGREPORT ""
| #define PACKAGE "dei80211mr"
| #define VERSION "1.1.4"
| /* end confdefs.h.  */
| #include <ac_nonexistent.h>
configure:5424: result: gcc -E
configure:5453: gcc -E  conftest.c
configure:5459: $? = 0
configure:5490: gcc -E  conftest.c
conftest.c:10:10: fatal error: ac_nonexistent.h: No such file or directory
   10 | #include <ac_nonexistent.h>
      |          ^~~~~~~~~~~~~~~~~~
compilation terminated.
configure:5496: $? = 1
configure: failed program was:
| /* confdefs.h.  */
| #define PACKAGE_NAME "dei80211mr"
| #define PACKAGE_TARNAME "dei80211mr"
| #define PACKAGE_VERSION "1.1.4"
| #define PACKAGE_STRING "dei80211mr 1.1.4"
| #define PACKAGE_BUGREPORT ""
| #define PACKAGE "dei80211mr"
| #define VERSION "1.1.4"
| /* end confdefs.h.  */
| #include <ac_nonexistent.h>
configure:5534: checking for ANSI C header files
configure:5564: gcc -c -g -O2  conftest.c >&5
configure:5570: $? = 0
configure:5669: gcc -o conftest -g -O2   conftest.c  >&5
configure:5672: $? = 0
configure:5678: ./conftest
configure:5681: $? = 0
configure:5698: result: yes
configure:5722: checking for sys/types.h
configure:5743: gcc -c -g -O2  conftest.c >&5
configure:5749: $? = 0
configure:5765: result: yes
configure:5722: checking for sys/stat.h
configure:5743: gcc -c -g -O2  conftest.c >&5
configure:5749: $? = 0
configure:5765: result: yes
configure:5722: checking for stdlib.h
configure:5743: gcc -c -g -O2  conftest.c >&5
configure:5749: $? = 0
configure:5765: result: yes
configure:5722: checking for string.h
configure:5743: gcc -c -g -O2  conftest.c >&5
configure:5749: $? = 0
configure:5765: result: yes
configure:5722: checking for memory.h
configure:5743: gcc -c -g -O2  conftest.c >&5
configure:5749: $? = 0
configure:5765: result: yes
configure:5722: checking for strings.h
configure:5743: gcc -c -g -O2  conftest.c >&5
configure:5749: $? = 0
configure:5765: result: yes
configure:5722: checking for inttypes.h
configure:5743: gcc -c -g -O2  conftest.c >&5
configure:5749: $? = 0
configure:5765: result: yes
configure:5722: checking for stdint.h
configure:5743: gcc -c -g -O2  conftest.c >&5
configure:5749: $? = 0
configure:5765: result: yes
configure:5722: checking for unistd.h
configure:5743: gcc -c -g -O2  conftest.c >&5
configure:5749: $? = 0
configure:5765: result: yes
configure:5792: checking dlfcn.h usability
configure:5809: gcc -c -g -O2  conftest.c >&5
configure:5815: $? = 0
configure:5829: result: yes
configure:5833: checking dlfcn.h presence
configure:5848: gcc -E  conftest.c
configure:5854: $? = 0
configure:5868: result: yes
configure:5896: checking for dlfcn.h
configure:5904: result: yes
configure:5927: checking how to run the C++ preprocessor
configure:5963: g++ -E  conftest.cpp
configure:5969: $? = 0
configure:6000: g++ -E  conftest.cpp
conftest.cpp:21:10: fatal error: ac_nonexistent.h: No such file or directory
   21 | #include <ac_nonexistent.h>
      |          ^~~~~~~~~~~~~~~~~~
compilation terminated.
configure:6006: $? = 1
configure: failed program was:
| /* confdefs.h.  */
| #define PACKAGE_NAME "dei80211mr"
| #define PACKAGE_TARNAME "dei80211mr"
| #define PACKAGE_VERSION "1.1.4"
| #define PACKAGE_STRING "dei80211mr 1.1.4"
| #define PACKAGE_BUGREPORT ""
| #define PACKAGE "dei80211mr"
| #define VERSION "1.1.4"
| #define STDC_HEADERS 1
| #define HAVE_SYS_TYPES_H 1
| #define HAVE_SYS_STAT_H 1
| #define HAVE_STDLIB_H 1
| #define HAVE_STRING_H 1
| #define HAVE_MEMORY_H 1
| #define HAVE_STRINGS_H 1
| #define HAVE_INTTYPES_H 1
| #define HAVE_STDINT_H 1
| #define HAVE_UNISTD_H 1
| #define HAVE_DLFCN_H 1
| /* end confdefs.h.  */
| #include <ac_nonexistent.h>
configure:6039: result: g++ -E
configure:6068: g++ -E  conftest.cpp
configure:6074: $? = 0
configure:6105: g++ -E  conftest.cpp
conftest.cpp:21:10: fatal error: ac_nonexistent.h: No such file or directory
   21 | #include <ac_nonexistent.h>
      |          ^~~~~~~~~~~~~~~~~~
compilation terminated.
configure:6111: $? = 1
configure: failed program was:
| /* confdefs.h.  */
| #define PACKAGE_NAME "dei80211mr"
| #define PACKAGE_TARNAME "dei80211mr"
| #define PACKAGE_VERSION "1.1.4"
| #define PACKAGE_STRING "dei80211mr 1.1.4"
| #define PACKAGE_BUGREPORT ""
| #define PACKAGE "dei80211mr"
| #define VERSION "1.1.4"
| #define STDC_HEADERS 1
| #define HAVE_SYS_TYPES_H 1
| #define HAVE_SYS_STAT_H 1
| #define HAVE_STDLIB_H 1
| #define HAVE_STRING_H 1
| #define HAVE_MEMORY_H 1
| #define HAVE_STRINGS_H 1
| #define HAVE_INTTYPES_H 1
| #define HAVE_STDINT_H 1
| #define HAVE_UNISTD_H 1
| #define HAVE_DLFCN_H 1
| /* end confdefs.h.  */
| #include <ac_nonexistent.h>
configure:6204: checking for g77
configure:6234: result: no
configure:6204: checking for xlf
configure:6234: result: no
configure:6204: checking for f77
configure:6234: result: no
configure:6204: checking for frt
configure:6234: result: no
configure:6204: checking for pgf77
configure:6234: result: no
configure:6204: checking for cf77
configure:6234: result: no
configure:6204: checking for fort77
configure:6234: result: no
configure:6204: checking for fl32
configure:6234: result: no
configure:6204: checking for af77
configure:6234: result: no
configure:6204: checking for xlf90
configure:6234: result: no
configure:6204: checking for f90
configure:6234: result: no
configure:6204: checking for pgf90
configure:6234: result: no
configure:6204: checking for pghpf
configure:6234: result: no
configure:6204: checking for epcf90
configure:6234: result: no
configure:6204: checking for gfortran
configure:6234: result: no
configure:6204: checking for g95
configure:6234: result: no
configure:6204: checking for xlf95
configure:6234: result: no
configure:6204: checking for f95
configure:6234: result: no
configure:6204: checking for fort
configure:6234: result: no
configure:6204: checking for ifort
configure:6234: result: no
configure:6204: checking for ifc
configure:6234: result: no
configure:6204: checking for efc
configure:6234: result: no
configure:6204: checking for pgf95
configure:6234: result: no
configure:6204: checking for lf95
configure:6234: result: no
configure:6204: checking for ftn
configure:6234: result: no
configure:6261: checking for Fortran 77 compiler version
configure:6268:  --version >&5
./configure: line 6269: --version: command not found
configure:6271: $? = 127
configure:6278:  -v >&5
./configure: line 6279: -v: command not found
configure:6281: $? = 127
configure:6288:  -V >&5
./configure: line 6289: -V: command not found
configure:6291: $? = 127
configure:6299: checking whether we are using the GNU Fortran 77 compiler
configure:6318:  -c  conftest.F >&5
./configure: line 6319: -c: command not found
configure:6324: $? = 127
configure: failed program was:
|       program main
| #ifndef __GNUC__
|        choke me
| #endif
| 
|       end
configure:6341: result: no
configure:6347: checking whether  accepts -g
configure:6364:  -c -g conftest.f >&5
./configure: line 6365: -c: command not found
configure:6370: $? = 127
configure: failed program was:
|       program main
| 
|       end
configure:6386: result: no
configure:6416: checking the maximum length of command line arguments
configure:6528: result: 1572864
configure:6540: checking command to parse /usr/bin/nm -B output from gcc object
configure:6645: gcc -c -g -O2  conftest.c >&5
configure:6648: $? = 0
configure:6652: /usr/bin/nm -B conftest.o \| sed -n -e 's/^.*[ 	]\([ABCDGIRSTW][ABCDGIRSTW]*\)[ 	][ 	]*\([_A-Za-z][_A-Za-z0-9]*\)$/\1 \2 \2/p' \> conftest.nm
configure:6655: $? = 0
configure:6707: gcc -o conftest -g -O2   conftest.c conftstm.o >&5
configure:6710: $? = 0
configure:6748: result: ok
configure:6752: checking for objdir
configure:6767: result: .libs
configure:6859: checking for ar
configure:6875: found /usr/bin/ar
configure:6886: result: ar
configure:6955: checking for ranlib
configure:6971: found /usr/bin/ranlib
configure:6982: result: ranlib
configure:7051: checking for strip
configure:7067: found /usr/bin/strip
configure:7078: result: strip
configure:7364: checking if gcc supports -fno-rtti -fno-exceptions
configure:7387: gcc -c -g -O2  -fno-rtti -fno-exceptions conftest.c >&5
cc1: warning: command line option '-fno-rtti' is valid for C++/D/ObjC++ but not for C
configure:7391: $? = 0
configure:7399: result: no
configure:7389: checking for gcc option to produce PIC
configure:7621: result: -fPIC
configure:7629: checking if gcc PIC flag -fPIC works
configure:7677: gcc -c -g -O2  -fPIC -DPIC conftest.c >&5
configure:7681: $? = 0
configure:7664: result: yes
configure:7663: checking if gcc static flag -static works
configure:7691: result: yes
configure:7701: checking if gcc supports -c -o file.o
configure:7781: gcc -c -g -O2  -o out/conftest2.o conftest.c >&5
configure:7785: $? = 0
configure:7724: result: yes
configure:7750: checking whether the gcc linker (/usr/bin/ld -m elf_x86_64) supports shared libraries
configure:8730: result: yes
configure:8751: checking whether -lc should be explicitly linked in
configure:8756: gcc -c -g -O2  conftest.c >&5
configure:8759: $? = 0
configure:8774: gcc -shared conftest.o  -v -Wl,-soname -Wl,conftest -o conftest 2\>\&1 \| grep  -lc  \>/dev/null 2\>\&1
configure:8777: $? = 0
configure:8789: result: no
configure:8797: checking dynamic linker characteristics
configure:9401: result: GNU/Linux ld.so
configure:9410: checking how to hardcode library paths into programs
configure:9435: result: immediate
configure:9449: checking whether stripping libraries is possible
configure:9454: result: yes
configure:10256: checking if libtool supports shared libraries
configure:10258: result: yes
configure:10261: checking whether to build shared libraries
configure:10282: result: yes
configure:10285: checking whether to build static libraries
configure:10289: result: no
configure:10382: creating libtool
configure:10970: checking for ld used by g++
configure:11037: result: /usr/bin/ld -m elf_x86_64
configure:11046: checking if the linker (/usr/bin/ld -m elf_x86_64) is GNU ld
configure:11061: result: yes
configure:11112: checking whether the g++ linker (/usr/bin/ld -m elf_x86_64) supports shared libraries
configure:12086: result: yes
configure:12104: g++ -c -g -O2  conftest.cpp >&5
configure:12107: $? = 0
configure:12259: checking for g++ option to produce PIC
configure:12543: result: -fPIC
configure:12551: checking if g++ PIC flag -fPIC works
configure:12652: g++ -c -g -O2  -fPIC -DPIC conftest.cpp >&5
configure:12656: $? = 0
configure:12586: result: yes
configure:12614: checking if g++ static flag -static works
configure:12642: result: yes
configure:12652: checking if g++ supports -c -o file.o
configure:12756: g++ -c -g -O2  -o out/conftest2.o conftest.cpp >&5
configure:12760: $? = 0
configure:12699: result: yes
configure:12725: checking whether the g++ linker (/usr/bin/ld -m elf_x86_64) supports shared libraries
configure:12750: result: yes
configure:12817: checking dynamic linker characteristics
configure:13369: result: GNU/Linux ld.so
configure:13378: checking how to hardcode library paths into programs
configure:13403: result: immediate
configure:19651: checking for NS_LDFLAGS and NS_LIBADD type
configure:19666: result: none needed
configure:19699: checking for ns-allinone installation
configure:19731: g++ -E -I/home/abrar/Downloads/1805023/ns-allinone-2.35/include -I/home/abrar/Downloads/1805023/ns-allinone-2.35/ns-2.35 -I/home/abrar/Downloads/1805023/ns-allinone-2.35/tclcl-1.20 -I/home/abrar/Downloads/1805023/ns-allinone-2.35/otcl-1.14  -I/home/abrar/Downloads/1805023/ns-allinone-2.35/ns-2.35/mac  -I/home/abrar/Downloads/1805023/ns-allinone-2.35/ns-2.35/propagation  -I/home/abrar/Downloads/1805023/ns-allinone-2.35/ns-2.35/mobile  -I/home/abrar/Downloads/1805023/ns-allinone-2.35/ns-2.35/pcap  -I/home/abrar/Downloads/1805023/ns-allinone-2.35/ns-2.35/tcp  -I/home/abrar/Downloads/1805023/ns-allinone-2.35/ns-2.35/sctp  -I/home/abrar/Downloads/1805023/ns-allinone-2.35/ns-2.35/common  -I/home/abrar/Downloads/1805023/ns-allinone-2.35/ns-2.35/link  -I/home/abrar/Downloads/1805023/ns-allinone-2.35/ns-2.35/queue  -I/home/abrar/Downloads/1805023/ns-allinone-2.35/ns-2.35/trace  -I/home/abrar/Downloads/1805023/ns-allinone-2.35/ns-2.35/adc  -I/home/abrar/Downloads/1805023/ns-allinone-2.35/ns-2.35/apps  -I/home/abrar/Downloads/1805023/ns-allinone-2.35/ns-2.35/routing  -I/home/abrar/Downloads/1805023/ns-allinone-2.35/ns-2.35/tools  -I/home/abrar/Downloads/1805023/ns-allinone-2.35/ns-2.35/classifier  -I/home/abrar/Downloads/1805023/ns-allinone-2.35/ns-2.35/mcast  -I/home/abrar/Downloads/1805023/ns-allinone-2.35/ns-2.35/diffusion3/lib  -I/home/abrar/Downloads/1805023/ns-allinone-2.35/ns-2.35/diffusion3/lib/main  -I/home/abrar/Downloads/1805023/ns-allinone-2.35/ns-2.35/diffusion3/lib/nr  -I/home/abrar/Downloads/1805023/ns-allinone-2.35/ns-2.35/diffusion3/ns  -I/home/abrar/Downloads/1805023/ns-allinone-2.35/ns-2.35/diffusion3/filter_core  -I/home/abrar/Downloads/1805023/ns-allinone-2.35/ns-2.35/asim conftest.cpp
configure:19737: $? = 0
configure:19742: result: ok
configure:19760: checking if ns-allinone installation has been patched for dynamic libraries
configure:19790: g++ -E -I/home/abrar/Downloads/1805023/ns-allinone-2.35/include -I/home/abrar/Downloads/1805023/ns-allinone-2.35/ns-2.35 -I/home/abrar/Downloads/1805023/ns-allinone-2.35/tclcl-1.20 -I/home/abrar/Downloads/1805023/ns-allinone-2.35/otcl-1.14  -I/home/abrar/Downloads/1805023/ns-allinone-2.35/ns-2.35/mac  -I/home/abrar/Downloads/1805023/ns-allinone-2.35/ns-2.35/propagation  -I/home/abrar/Downloads/1805023/ns-allinone-2.35/ns-2.35/mobile  -I/home/abrar/Downloads/1805023/ns-allinone-2.35/ns-2.35/pcap  -I/home/abrar/Downloads/1805023/ns-allinone-2.35/ns-2.35/tcp  -I/home/abrar/Downloads/1805023/ns-allinone-2.35/ns-2.35/sctp  -I/home/abrar/Downloads/1805023/ns-allinone-2.35/ns-2.35/common  -I/home/abrar/Downloads/1805023/ns-allinone-2.35/ns-2.35/link  -I/home/abrar/Downloads/1805023/ns-allinone-2.35/ns-2.35/queue  -I/home/abrar/Downloads/1805023/ns-allinone-2.35/ns-2.35/trace  -I/home/abrar/Downloads/1805023/ns-allinone-2.35/ns-2.35/adc  -I/home/abrar/Downloads/1805023/ns-allinone-2.35/ns-2.35/apps  -I/home/abrar/Downloads/1805023/ns-allinone-2.35/ns-2.35/routing  -I/home/abrar/Downloads/1805023/ns-allinone-2.35/ns-2.35/tools  -I/home/abrar/Downloads/1805023/ns-allinone-2.35/ns-2.35/classifier  -I/home/abrar/Downloads/1805023/ns-allinone-2.35/ns-2.35/mcast  -I/home/abrar/Downloads/1805023/ns-allinone-2.35/ns-2.35/diffusion3/lib  -I/home/abrar/Downloads/1805023/ns-allinone-2.35/ns-2.35/diffusion3/lib/main  -I/home/abrar/Downloads/1805023/ns-allinone-2.35/ns-2.35/diffusion3/lib/nr  -I/home/abrar/Downloads/1805023/ns-allinone-2.35/ns-2.35/diffusion3/ns  -I/home/abrar/Downloads/1805023/ns-allinone-2.35/ns-2.35/diffusion3/filter_core  -I/home/abrar/Downloads/1805023/ns-allinone-2.35/ns-2.35/asim conftest.cpp
configure:19796: $? = 0
configure:19801: result: yes
configure:19839: checking for tcl2c++
configure:19858: found /home/abrar/Downloads/1805023/ns-allinone-2.35/tclcl-1.20/tcl2c++
configure:19871: result: /home/abrar/Downloads/1805023/ns-allinone-2.35/tclcl-1.20/tcl2c++
configure:20048: creating ./config.status

## ---------------------- ##
## Running config.status. ##
## ---------------------- ##

This file was extended by dei80211mr config.status 1.1.4, which was
generated by GNU Autoconf 2.61.  Invocation command line was

  CONFIG_FILES    = 
  CONFIG_HEADERS  = 
  CONFIG_LINKS    = 
  CONFIG_COMMANDS = 
  $ ./config.status 

on abrar

config.status:657: creating Makefile
config.status:657: creating src/Makefile
config.status:657: creating src/adt/Makefile
config.status:657: creating m4/Makefile
config.status:657: creating samples/Makefile
config.status:848: executing depfiles commands

## ---------------- ##
## Cache variables. ##
## ---------------- ##

ac_cv_build=x86_64-unknown-linux-gnu
ac_cv_c_compiler_gnu=yes
ac_cv_cxx_compiler_gnu=yes
ac_cv_env_CCC_set=
ac_cv_env_CCC_value=
ac_cv_env_CC_set=
ac_cv_env_CC_value=
ac_cv_env_CFLAGS_set=
ac_cv_env_CFLAGS_value=
ac_cv_env_CPPFLAGS_set=
ac_cv_env_CPPFLAGS_value=
ac_cv_env_CPP_set=
ac_cv_env_CPP_value=
ac_cv_env_CXXCPP_set=
ac_cv_env_CXXCPP_value=
ac_cv_env_CXXFLAGS_set=
ac_cv_env_CXXFLAGS_value=
ac_cv_env_CXX_set=
ac_cv_env_CXX_value=
ac_cv_env_F77_set=
ac_cv_env_F77_value=
ac_cv_env_FFLAGS_set=
ac_cv_env_FFLAGS_value=
ac_cv_env_LDFLAGS_set=
ac_cv_env_LDFLAGS_value=
ac_cv_env_LIBS_set=
ac_cv_env_LIBS_value=
ac_cv_env_TCL2CPP_set=
ac_cv_env_TCL2CPP_value=
ac_cv_env_build_alias_set=
ac_cv_env_build_alias_value=
ac_cv_env_host_alias_set=
ac_cv_env_host_alias_value=
ac_cv_env_target_alias_set=
ac_cv_env_target_alias_value=
ac_cv_f77_compiler_gnu=no
ac_cv_header_dlfcn_h=yes
ac_cv_header_inttypes_h=yes
ac_cv_header_memory_h=yes
ac_cv_header_stdc=yes
ac_cv_header_stdint_h=yes
ac_cv_header_stdlib_h=yes
ac_cv_header_string_h=yes
ac_cv_header_strings_h=yes
ac_cv_header_sys_stat_h=yes
ac_cv_header_sys_types_h=yes
ac_cv_header_unistd_h=yes
ac_cv_host=x86_64-unknown-linux-gnu
ac_cv_objext=o
ac_cv_path_EGREP='/usr/bin/grep -E'
ac_cv_path_GREP=/usr/bin/grep
ac_cv_path_TCL2CPP=/home/abrar/Downloads/1805023/ns-allinone-2.35/tclcl-1.20/tcl2c++
ac_cv_path_install='/usr/bin/install -c'
ac_cv_path_mkdir=/usr/bin/mkdir
ac_cv_prog_AWK=gawk
ac_cv_prog_CPP='gcc -E'
ac_cv_prog_CXXCPP='g++ -E'
ac_cv_prog_ac_ct_AR=ar
ac_cv_prog_ac_ct_CC=gcc
ac_cv_prog_ac_ct_CXX=g++
ac_cv_prog_ac_ct_RANLIB=ranlib
ac_cv_prog_ac_ct_STRIP=strip
ac_cv_prog_cc_c89=
ac_cv_prog_cc_g=yes
ac_cv_prog_cxx_g=yes
ac_cv_prog_f77_g=no
ac_cv_prog_make_make_set=yes
am_cv_CC_dependencies_compiler_type=gcc3
am_cv_CXX_dependencies_compiler_type=gcc3
lt_cv_deplibs_check_method=pass_all
lt_cv_file_magic_cmd='$MAGIC_CMD'
lt_cv_file_magic_test_file=
lt_cv_ld_reload_flag=-r
lt_cv_objdir=.libs
lt_cv_path_LD=/usr/bin/ld
lt_cv_path_LDCXX='/usr/bin/ld -m elf_x86_64'
lt_cv_path_NM='/usr/bin/nm -B'
lt_cv_path_SED=/usr/bin/sed
lt_cv_prog_compiler_c_o=yes
lt_cv_prog_compiler_c_o_CXX=yes
lt_cv_prog_compiler_rtti_exceptions=no
lt_cv_prog_gnu_ld=yes
lt_cv_prog_gnu_ldcxx=yes
lt_cv_sys_global_symbol_pipe='sed -n -e '\''s/^.*[ 	]\([ABCDGIRSTW][ABCDGIRSTW]*\)[ 	][ 	]*\([_A-Za-z][_A-Za-z0-9]*\)$/\1 \2 \2/p'\'''
lt_cv_sys_global_symbol_to_c_name_address='sed -n -e '\''s/^: \([^ ]*\) $/  {\"\1\", (lt_ptr) 0},/p'\'' -e '\''s/^[BCDEGRST] \([^ ]*\) \([^ ]*\)$/  {"\2", (lt_ptr) \&\2},/p'\'''
lt_cv_sys_global_symbol_to_cdecl='sed -n -e '\''s/^. .* \(.*\)$/extern int \1;/p'\'''
lt_cv_sys_max_cmd_len=1572864
lt_lt_cv_prog_compiler_c_o='"yes"'
lt_lt_cv_prog_compiler_c_o_CXX='"yes"'
lt_lt_cv_sys_global_symbol_pipe='"sed -n -e '\''s/^.*[ 	]\\([ABCDGIRSTW][ABCDGIRSTW]*\\)[ 	][ 	]*\\([_A-Za-z][_A-Za-z0-9]*\\)\$/\\1 \\2 \\2/p'\''"'
lt_lt_cv_sys_global_symbol_to_c_name_address='"sed -n -e '\''s/^: \\([^ ]*\\) \$/  {\\\"\\1\\\", (lt_ptr) 0},/p'\'' -e '\''s/^[BCDEGRST] \\([^ ]*\\) \\([^ ]*\\)\$/  {\"\\2\", (lt_ptr) \\&\\2},/p'\''"'
lt_lt_cv_sys_global_symbol_to_cdecl='"sed -n -e '\''s/^. .* \\(.*\\)\$/extern int \\1;/p'\''"'

## ----------------- ##
## Output variables. ##
## ----------------- ##

ACLOCAL='${SHELL} /home/abrar/Downloads/1805023/ns-allinone-2.35/dei80211mr-1.1.4/missing --run aclocal-1.10'
AMDEPBACKSLASH='\'
AMDEP_FALSE='#'
AMDEP_TRUE=''
AMTAR='${SHELL} /home/abrar/Downloads/1805023/ns-allinone-2.35/dei80211mr-1.1.4/missing --run tar'
AR='ar'
AS='as'
AUTOCONF='${SHELL} /home/abrar/Downloads/1805023/ns-allinone-2.35/dei80211mr-1.1.4/missing --run autoconf'
AUTOHEADER='${SHELL} /home/abrar/Downloads/1805023/ns-allinone-2.35/dei80211mr-1.1.4/missing --run autoheader'
AUTOMAKE='${SHELL} /home/abrar/Downloads/1805023/ns-allinone-2.35/dei80211mr-1.1.4/missing --run automake-1.10'
AWK='gawk'
CC='gcc'
CCDEPMODE='depmode=gcc3'
CFLAGS='-g -O2 -Wall -Wno-write-strings -g'
CPP='gcc -E'
CPPFLAGS=' -Wall -Wno-write-strings -g'
CXX='g++'
CXXCPP='g++ -E'
CXXDEPMODE='depmode=gcc3'
CXXFLAGS='-g -O2'
CYGPATH_W='echo'
DEFS='-DPACKAGE_NAME=\"dei80211mr\" -DPACKAGE_TARNAME=\"dei80211mr\" -DPACKAGE_VERSION=\"1.1.4\" -DPACKAGE_STRING=\"dei80211mr\ 1.1.4\" -DPACKAGE_BUGREPORT=\"\" -DPACKAGE=\"dei80211mr\" -DVERSION=\"1.1.4\" -DSTDC_HEADERS=1 -DHAVE_SYS_TYPES_H=1 -DHAVE_SYS_STAT_H=1 -DHAVE_STDLIB_H=1 -DHAVE_STRING_H=1 -DHAVE_MEMORY_H=1 -DHAVE_STRINGS_H=1 -DHAVE_INTTYPES_H=1 -DHAVE_STDINT_H=1 -DHAVE_UNISTD_H=1 -DHAVE_DLFCN_H=1 -DCPP_NAMESPACE=std'
DEPDIR='.deps'
DLLTOOL='dlltool'
ECHO='echo'
ECHO_C=''
ECHO_N='-n'
ECHO_T=''
EGREP='/usr/bin/grep -E'
EXEEXT=''
F77=''
FFLAGS=''
GREP='/usr/bin/grep'
INSTALL_DATA='${INSTALL} -m 644'
INSTALL_PROGRAM='${INSTALL}'
INSTALL_SCRIPT='${INSTALL}'
INSTALL_STRIP_PROGRAM='$(install_sh) -c -s'
LDFLAGS=''
LIBOBJS=''
LIBS=''
LIBTOOL='$(SHELL) $(top_builddir)/libtool'
LN_S='ln -s'
LTLIBOBJS=''
MAKEINFO='${SHELL} /home/abrar/Downloads/1805023/ns-allinone-2.35/dei80211mr-1.1.4/missing --run makeinfo'
NS_ALLINONE_DISTCHECK_CONFIGURE_FLAGS='--with-ns-allinone=/home/abrar/Downloads/1805023/ns-allinone-2.35'
NS_CPPFLAGS='-I/home/abrar/Downloads/1805023/ns-allinone-2.35/include -I/home/abrar/Downloads/1805023/ns-allinone-2.35/ns-2.35 -I/home/abrar/Downloads/1805023/ns-allinone-2.35/tclcl-1.20 -I/home/abrar/Downloads/1805023/ns-allinone-2.35/otcl-1.14  -I/home/abrar/Downloads/1805023/ns-allinone-2.35/ns-2.35/mac  -I/home/abrar/Downloads/1805023/ns-allinone-2.35/ns-2.35/propagation  -I/home/abrar/Downloads/1805023/ns-allinone-2.35/ns-2.35/mobile  -I/home/abrar/Downloads/1805023/ns-allinone-2.35/ns-2.35/pcap  -I/home/abrar/Downloads/1805023/ns-allinone-2.35/ns-2.35/tcp  -I/home/abrar/Downloads/1805023/ns-allinone-2.35/ns-2.35/sctp  -I/home/abrar/Downloads/1805023/ns-allinone-2.35/ns-2.35/common  -I/home/abrar/Downloads/1805023/ns-allinone-2.35/ns-2.35/link  -I/home/abrar/Downloads/1805023/ns-allinone-2.35/ns-2.35/queue  -I/home/abrar/Downloads/1805023/ns-allinone-2.35/ns-2.35/trace  -I/home/abrar/Downloads/1805023/ns-allinone-2.35/ns-2.35/adc  -I/home/abrar/Downloads/1805023/ns-allinone-2.35/ns-2.35/apps  -I/home/abrar/Downloads/1805023/ns-allinone-2.35/ns-2.35/routing  -I/home/abrar/Downloads/1805023/ns-allinone-2.35/ns-2.35/tools  -I/home/abrar/Downloads/1805023/ns-allinone-2.35/ns-2.35/classifier  -I/home/abrar/Downloads/1805023/ns-allinone-2.35/ns-2.35/mcast  -I/home/abrar/Downloads/1805023/ns-allinone-2.35/ns-2.35/diffusion3/lib  -I/home/abrar/Downloads/1805023/ns-allinone-2.35/ns-2.35/diffusion3/lib/main  -I/home/abrar/Downloads/1805023/ns-allinone-2.35/ns-2.35/diffusion3/lib/nr  -I/home/abrar/Downloads/1805023/ns-allinone-2.35/ns-2.35/diffusion3/ns  -I/home/abrar/Downloads/1805023/ns-allinone-2.35/ns-2.35/diffusion3/filter_core  -I/home/abrar/Downloads/1805023/ns-allinone-2.35/ns-2.35/asim'
NS_LDFLAGS=''
NS_LIBADD=''
OBJDUMP='objdump'
OBJEXT='o'
PACKAGE='dei80211mr'
PACKAGE_BUGREPORT=''
PACKAGE_NAME='dei80211mr'
PACKAGE_STRING='dei80211mr 1.1.4'
PACKAGE_TARNAME='dei80211mr'
PACKAGE_VERSION='1.1.4'
PATH_SEPARATOR=':'
RANLIB='ranlib'
SED='/usr/bin/sed'
SET_MAKE=''
SHELL='/bin/bash'
STRIP='strip'
TCL2CPP='/home/abrar/Downloads/1805023/ns-allinone-2.35/tclcl-1.20/tcl2c++'
VERSION='1.1.4'
ac_ct_CC='gcc'
ac_ct_CXX='g++'
ac_ct_F77=''
am__fastdepCC_FALSE='#'
am__fastdepCC_TRUE=''
am__fastdepCXX_FALSE='#'
am__fastdepCXX_TRUE=''
am__include='include'
am__isrc=''
am__leading_dot='.'
am__quote=''
am__tar='${AMTAR} chof - "$$tardir"'
am__untar='${AMTAR} xf -'
bindir='${exec_prefix}/bin'
build='x86_64-unknown-linux-gnu'
build_alias=''
build_cpu='x86_64'
build_os='linux-gnu'
build_vendor='unknown'
datadir='${datarootdir}'
datarootdir='${prefix}/share'
docdir='${datarootdir}/doc/${PACKAGE_TARNAME}'
dvidir='${docdir}'
exec_prefix='${prefix}'
host='x86_64-unknown-linux-gnu'
host_alias=''
host_cpu='x86_64'
host_os='linux-gnu'
host_vendor='unknown'
htmldir='${docdir}'
includedir='${prefix}/include'
infodir='${datarootdir}/info'
install_sh='$(SHELL) /home/abrar/Downloads/1805023/ns-allinone-2.35/dei80211mr-1.1.4/install-sh'
libdir='${exec_prefix}/lib'
libexecdir='${exec_prefix}/libexec'
localedir='${datarootdir}/locale'
localstatedir='${prefix}/var'
mandir='${datarootdir}/man'
mkdir_p='/usr/bin/mkdir -p'
oldincludedir='/usr/include'
pdfdir='${docdir}'
prefix='/home/abrar/Downloads/1805023/ns-allinone-2.35'
program_transform_name='s,x,x,'
psdir='${docdir}'
sbindir='${exec_prefix}/sbin'
sharedstatedir='${prefix}/com'
sysconfdir='${prefix}/etc'
target_alias=''

## ----------- ##
## confdefs.h. ##
## ----------- ##

#define PACKAGE_NAME "dei80211mr"
#define PACKAGE_TARNAME "dei80211mr"
#define PACKAGE_VERSION "1.1.4"
#define PACKAGE_STRING "dei80211mr 1.1.4"
#define PACKAGE_BUGREPORT ""
#define PACKAGE "dei80211mr"
#define VERSION "1.1.4"
#define STDC_HEADERS 1
#define HAVE_SYS_TYPES_H 1
#define HAVE_SYS_STAT_H 1
#define HAVE_STDLIB_H 1
#define HAVE_STRING_H 1
#define HAVE_MEMORY_H 1
#define HAVE_STRINGS_H 1
#define HAVE_INTTYPES_H 1
#define HAVE_STDINT_H 1
#define HAVE_UNISTD_H 1
#define HAVE_DLFCN_H 1
#define CPP_NAMESPACE std

configure: exit 0

## ---------------------- ##
## Running config.status. ##
## ---------------------- ##

This file was extended by dei80211mr config.status 1.1.4, which was
generated by GNU Autoconf 2.61.  Invocation command line was

  CONFIG_FILES    = 
  CONFIG_HEADERS  = 
  CONFIG_LINKS    = 
  CONFIG_COMMANDS = 
  $ ./config.status src/Makefile depfiles

on abrar

config.status:657: creating src/Makefile
config.status:848: executing depfiles commands

## ---------------------- ##
## Running config.status. ##
## ---------------------- ##

This file was extended by dei80211mr config.status 1.1.4, which was
generated by GNU Autoconf 2.61.  Invocation command line was

  CONFIG_FILES    = 
  CONFIG_HEADERS  = 
  CONFIG_LINKS    = 
  CONFIG_COMMANDS = 
  $ ./config.status src/adt/Makefile

on abrar

config.status:657: creating src/adt/Makefile

## ---------------------- ##
## Running config.status. ##
## ---------------------- ##

This file was extended by dei80211mr config.status 1.1.4, which was
generated by GNU Autoconf 2.61.  Invocation command line was

  CONFIG_FILES    = 
  CONFIG_HEADERS  = 
  CONFIG_LINKS    = 
  CONFIG_COMMANDS = 
  $ ./config.status Makefile

on abrar

config.status:657: creating Makefile

## ---------------------- ##
## Running config.status. ##
## ---------------------- ##

This file was extended by dei80211mr config.status 1.1.4, which was
generated by GNU Autoconf 2.61.  Invocation command line was

  CONFIG_FILES    = 
  CONFIG_HEADERS  = 
  CONFIG_LINKS    = 
  CONFIG_COMMANDS = 
  $ ./config.status m4/Makefile

on abrar

config.status:657: creating m4/Makefile

## ---------------------- ##
## Running config.status. ##
## ---------------------- ##

This file was extended by dei80211mr config.status 1.1.4, which was
generated by GNU Autoconf 2.61.  Invocation command line was

  CONFIG_FILES    = 
  CONFIG_HEADERS  = 
  CONFIG_LINKS    = 
  CONFIG_COMMANDS = 
  $ ./config.status samples/Makefile

on abrar

config.status:657: creating samples/Makefile
